-17.315242237518202
-25.01991297250718
-16.57552094435616
16.59736669184184
-15.667162788790243
-26.43964639042009
-17.200571919062938
-20.57617732409399
-17.68109477707496
-27.212372055070652
-8.54797265433158
-12.400510726502976
-6.6217028552151636
-27.561354553800108
-17.158574608680112
7.102528982764472
-32.67349722280389
-4.8494520303230555
17.90894392044053
-23.88262522578435
-11.961055057631071
-15.0
-18.20429045496322
-15.812005539763456
-15.551213089796518
-15.469845387389555
-12.95709842396618
-19.616869545755637
7.626502835577326
-4.287996513100301
-2.923799931471538
-11.520376326817711
-12.586400266905757
-17.09268648532023
-18.63256795428035
19.179493023081584
-15.0
-25.12522023048343
-14.999999999999996
7.519659005178937
-3.9683746182179913
-20.92507795563806
-15.0
-14.986429443785553
-15.0
-2.3086554200109513
3.7954172163284916
-14.600408809890348
10.382242126077681
21.086431537892867
-22.805303280843155
2.076440101552459
-19.63405185812381
-16.364977222177867
-22.317425873026377
2.3152932680975047
-24.304829127549105
0.5864015348926932
-15.0
10.867726556021186
2.5908609191050926
5.091465067531235
19.516064928268868
6.627981946534218
-4.393582273253891
8.608611671871762
-22.708784166910668
-15.0
3.8327831827440004
6.625409886926314
-28.402271023973448
6.780876390468734
2.751612114027835
3.164082051553051
3.460860999672797
9.264679370870152
-15.0
19.174069181150717
7.498578992153691
4.605456150933081
12.399715296185052
16.513027701015854
16.746122891822704
-15.0
-0.4424114863398607
-15.972604594521504
14.764792562758027
-3.9801680010561356
13.028519967006819
6.9187012854810455
-16.910028565446776
-1.368165513817467
-16.243222995080096
-15.932585898433956
-0.6124221585986245
14.708039050982658
0.17101382719918234
21.338689453872117
-15.0
-2.7182594540745564
16.553227142771735
12.177119646195898
-15.0
2.0614458918175504
13.773459258227609
12.068704637565666
18.397934376433497
15.947861614220104
-15.0
-15.247492230391009
3.6073069594258724
1.1896802484902427
16.41418539198854
16.118426674222732
12.04988543452423
19.73899754470062
5.828968783426502
33.985034781515495
11.53032806431652
13.686117101743193
-20.805285334033442
14.39125469985285
-14.602155202329632
-0.9285865254927717
-20.183651720339938
-15.0
4.745453572962034
-15.736717133433796
0.9672927588688394
-16.502527321608337
-15.0
3.9814002133621758
4.0685018991935165
1.819660111003707
-1.1108501130663893
-15.0
6.747283955563898
11.613046367109945
-15.719209350434813
-16.407481985523653
12.082944096556595
8.256654624373901
-16.18021222157854
-3.216300105292574
-14.653626359938121
8.738225360736287
-19.155713288942962
34.503593425848166
4.83047944051882
-18.104805477446472
8.681334371473886
-16.14143573339477
19.56785617664202
10.36615620578199
-14.309299284104258
2.0784518154111944
19.619413855536713
10.76445602968149
-21.58547963955199
13.590945092629273
-16.9555970262387
5.600457728935429
8.866680845155912
19.800467331485617
8.867439082128847
8.226394499163952
-17.04932864022059
26.218329628988442
14.02170278935202
12.74847931205737
17.42134608769357
-15.0
-15.0
18.86599993041351
36.36559539231088
-15.0
10.77743285871793
9.632913031274791
12.273573645593626
12.519244662020382
-15.0
-18.287730630922926
-24.45855508761835
8.711893276688244
-0.8012637387218144
-20.628951357712516
-25.687771559644588
-26.66688902006821
-19.32423804960493
-15.0
-15.0
-28.00147657763428
-3.368141804630076
-20.360214209118087
-25.548555019629326
-15.0
-18.50857146796587
8.498289832541147
-18.92314704901313
-15.126602780397654
-13.412277096327106
18.80886918557879
-26.063088397082556
2.3906090605692416
-10.05409725576895
-10.115446949268184
-16.488549809171158
-3.6515369468178527
15.847060237099225
-14.22695662143893
-24.120991256142336
-14.994909663758516
-24.91633819666692
9.574392214808867
7.138786826634388
-7.450317023986252
-18.69605116588558
-18.9066932529132
5.814600901413975
-15.0
-15.0
-15.832008237202357
-15.857837437914197
-18.032924392298032
-30.74450095856575
-18.01423813020537
-25.259115756475243
-15.0
-13.172434356065246
17.951495660565527
-28.864355537682975
-20.21846877863311
-28.621006971582013
8.151071735740285
-18.69387533155414
-14.139450994784093
-19.725861446928988
16.15370716268276
-16.458214599481927
-15.0
-1.8695149149288959
-16.036613639104512
-16.42147485438997
-16.415751598465224
-15.447787658385575
-15.0
15.581524523628893
12.747109153906337
-21.499855793195177
-15.000000000000004
-17.658098394673978
-5.415307703180478
12.22636023149402
-16.959291757030265
-11.854957634489065
-17.29680123352935
-15.0
-14.999999999999996
-2.565966369552902
-28.568019162660033
-27.323437236219057
-15.000000000000004
-11.532430946733154
18.36695813491588
14.385560270607586
-23.60215520338822
-22.78868596337186
-23.007053429215606
-24.106440900617418
-18.89856005470165
-15.0
-16.928375549042936
-24.614130954775355
-23.60700598371445
-16.10378069534232
20.965478834343656
-11.617024525198117
-29.23406453937089
-16.973986853501337
-19.83470701872896
-16.853276035903026
-21.558262237695175
-15.850961632859798
-15.308859974921635
-5.408674558739058
-14.64107348962894
9.885610889150474
-17.85130898361075
-16.60439671879322
-22.46369649934909
-6.332707322403892
21.093009040181485
10.358517882824371
-0.575307574288416
14.253720980315526
12.903685088189185
-23.195386050037737
-16.570715063805252
-24.890076779632803
8.183962038883895
-15.0
-24.20523910824773
14.291045297762697
4.388438724004063
13.849600442590003
15.959442521556547
-17.995272449176824
-2.953614123088574
-0.6709470385784755
-18.157940987646676
-26.5398507952064
-22.80357982066497
-22.58699380050079
-15.338894736151378
-12.085023541081046
-23.219339564408337
-14.246209194749841
-15.0
-17.269392479684267
-19.18836451697463
-11.82822904587886
-24.560170150275553
4.469313212476319
-34.52319698146059
-14.999999999999996
-15.120215243877624
-14.999999999999996
-13.876026998986967
-21.04699735344351
-14.909124244603769
-22.40745894971025
-14.723629570705947
-17.54815320519979
-17.431827789828294
-22.67051426481845
-21.872396930452126
-15.000000000000004
-20.54065668922906
-15.0
-26.19006831475125
-16.942286078522685
-37.764936413675485
-15.0
-22.4192986744475
-19.701422497852697
-16.870853161325655
-22.4458290533215
-0.006114727162653821
-16.92589225080985
-17.90681421108613
-15.0
-20.646546747833717
-0.9536134316743494
-5.143903598164076
-21.030925241591383
-22.09500234479508
-9.75012898684906
-15.957127484433265
0.6469725072964225
-15.0
-23.111248411370788
-8.160240587589074
2.1563224065781945
-12.406278369301303
-4.158585260483321
-24.77089735534088
-33.479430220288364
11.175915683689055
-11.949869500518634
-24.562424382565425
-7.953647862571216
-3.5592495773198864
-12.436807472676819
4.183231022439703
-12.531041537445514
-9.965110494488401
-15.0
-15.568778082630574
-2.5023974323975295
1.1667070879970627
-20.963606727820135
-40.6158873366258
-17.247285495971912
-17.83509466207005
-13.552104086263661
-21.307067518375426
-15.0
6.73133667721107
4.242679563412587
-14.999999999999996
1.1454055149915323
-11.46831119015772
7.1258952058743485
33.78794239534576
-29.512678470882047
-24.85910661453218
4.9297483885363675
-15.95125337684587
-19.913708080756976
-17.045838649102905
-22.819839890310845
-15.554324360509932
-16.135781118996682
-28.121082463945665
-13.223679777808224
-17.261079207968596
-13.609482098647895
-27.12074366134177
-16.34776301359683
-32.217892989513444
-19.947616286504005
-15.0
-17.953418653584606
-25.11460322316286
-19.60362692136484
-23.72436759497291
-16.238471076142268
-14.581765331460716
-17.645374146495556
-14.999999999999996
-15.0
-13.809181752583504
-16.364407536665574
4.299497131847648
-24.179054893355577
-1.1651894341649616
-21.989918357676537
-33.10138561482076
-38.73766345636308
-15.18156968884342
-19.64575354441655
-10.08336584662484
-31.197519187845536
-31.649040297570934
-28.206066260777686
-32.742021789645904
-8.7945809853132
-19.540112550601435
-22.602338623724492
-21.935021923200566
-16.560052001434382
-21.546358153530434
-25.14872756891125
-13.436590980143727
-22.17612939823314
-21.181675431554016
-27.292175271806276
-17.887965978539142
-19.302952164272384
-36.557028228489976
-22.099134798965537
-23.164541573612272
-15.0
-18.872543178417107
-15.0
-33.20908677690328
-11.71908160953654
-14.509664298242315
-18.3399056103067
-11.834193593979023
-12.836008451225656
-23.806047246206948
-24.16460489560869
-19.76983066539066
-7.886151516493171
-21.71445787527597
-16.789576469908333
-19.999589293073186
-31.77655217164021
-19.919008129950697
-9.399708372660257
-11.706693216735923
-15.0
-18.05403944211238
-20.97137278773215
-13.69492242430821
-15.0
-8.305157839723272
-13.329520286653143
-17.25106824924584
-17.421666348023965
-13.753580040772057
-20.030254440481126
-17.02477739859574
-25.559061783601834
-31.61000649892288
-24.86456094241056
-24.319699043674
-18.040297942969534
-16.92339639988284
-15.0
-25.43793155959376
-21.077360515645065
-20.040656614977223
-10.645270390804692
-16.24611521888668
-24.116805601104954
-16.461649425893057
-23.367055013787596
-20.204255276980234
-27.656580598094145
-24.163811320975434
-14.915153574049334
-10.260591422547696
-25.055803244282394
-21.301603999503097
-22.374757661829715
-15.0
-12.389250223484868
-18.883529822861767
-20.17167642358566
-16.68348441494033
1.278100035221648
-17.870487978827754
-16.703534702592727
-16.92693235449752
33.87537411740178
-14.739827337395207
-16.54360583116411
-28.770012118953392
-9.724737206806026
-15.0
-15.586119592840202
-22.407157726483543
-11.149291025585452
-37.90832996665513
-27.84389129050942
-23.906425966824283
-29.81835190401008
-10.340539585681181
-16.723355048272158
-17.097506287138096
-20.88717459144268
-29.164148150060747
-15.856051049966267
-16.362847730197455
-16.901614313602018
-14.566114690907007
-16.652989277227306
-18.599603948276314
-3.4828755504893554
-18.8583804075742
0.32958761196489483
-3.461396984496334
-15.0
-15.61390442771324
-15.540829824184561
-22.184813920714475
-34.435977153779675
-0.3268453593089884
-10.547150033667197
-17.97683031373472
-15.000000000000004
-16.44750529829933
-14.999999999999996
-20.048110640118836
-9.138710597217553
-1.1228249560857222
-27.46934234318985
-12.61118226691924
-13.562011759978297
-15.517261593004674
-15.0
-28.656257716085463
-5.449760423265166
-6.014067852136041
-17.472678370012147
-11.705337561058428
-15.0
-27.361460086317347
-20.40704875278132
-14.70531292848731
-27.145847612832206
-9.79584162115897
-26.98821217747635
-15.0
-1.954041323606928
-25.174158593974834
-26.342408772494498
-17.301593181101996
-16.05717674576133
-28.55834341910767
35.41528107410059
-20.215704318123414
-11.151713037843509
2.093246771234451
-15.69620157295644
-19.973571354153854
-15.38635292248895
-2.8847315743590087
-15.939339023873067
-21.441255367727727
-10.07297297441185
-28.89937683173954
-15.0
-14.658690081879282
-2.46779076092705
-15.599817581157517
-16.443371789588845
-15.987927010312282
-20.40190042214359
-2.1103512293824096
-14.782453804822797
-24.29414919766366
-21.556551906951952
-17.92856103510728
6.602284392383162
-29.267573048295958
-23.483458010826848
-4.862537299389764
-18.627682080572093
-26.76634712910068
-24.56123344011695
-26.689324906992034
-19.196821388494154
-32.53051706844138
-14.999999999999996
2.845447338954436
-27.717280082483096
-7.469738291043901
-13.396057116784545
-15.0
-18.127478094353858
-17.137421445675432
-15.0
-12.062357365367857
1.3554103664029
-32.37899792138846
-0.5942367674260058
-34.3011588645086
-3.858825649202208
-26.150161647918875
-23.5669816276247
-25.418375007150086
-15.779745111322221
-3.9883222906084796
-14.584268010321093
-14.471683747720055
-16.296437795205236
-18.853856989856855
-19.058389769488734
-16.360564421932327
-3.8171589646057686
-5.2181021366475235
-17.011105420220186
33.83100685975455
-20.758326144470466
-30.843485208796245
-28.548391164622437
-16.012097991766424
-5.717475875619156
-12.181592270814164
-24.321738966349162
-14.349703279813792
-19.07164412163769
36.6280291991295
-9.833316634155919
-21.757097987379886
-14.999999999999996
-18.12770115713729
-17.650036527765558
-18.958969254346574
-36.43958217384048
-16.682302314197397
-28.267021494515625
-3.5446567585654396
-33.76444983409889
-19.009786824933663
-33.82305039248826
-15.361894626971411
-7.069825738639977
-27.852838966410793
-28.256833150927577
-16.403771421451623
-15.831538668342702
-27.39075402571821
-15.0
-15.0
-22.079724574896666
-15.0
-28.34808965690895
-22.002035014643667
-33.27439723291174
-19.935978075932645
-6.759875581751572
-16.962813140074
-0.5962622139778002
-2.0571656456132494
-11.029616609372278
-11.580226149724268
-8.894446078546498
-18.85490013301906
-18.688303624197687
-22.477823478430768
-25.94991950321404
-15.0
-11.090228403148563
-7.501256986130599
36.14415427324977
35.40608160524671
-18.880673777172042
-19.02205569370107
-24.595516747254607
-24.45026609878471
-23.165153132940198
-4.728926514036628
-13.93901046781956
-15.062674263719869
-0.3983469550869465
-31.05317900955323
-15.757260888951272
1.6553481117443276
-7.085284655215834
-26.284573597426682
-14.857595085724679
34.225766530228576
-15.832168292688312
4.501780357127334
-15.108965114237304
-1.138879257121344
-7.129639302989807
-15.000000000000004
-6.564724100965027
-15.0
-8.233625843202088
-3.525935380324512
-13.029745439556244
-15.443185718569126
-10.993416510957495
0.0946924816932615
-9.406558672325048
-15.0
-16.858753629762315
-17.44836094365975
-5.262073390807155
-0.1686840607025779
-1.4721236757152596
-8.545059657871997
-9.495634659233124
-27.658623526812885
-12.421816309500755
-4.683369795221553
-0.05796043586468791
-10.634603287473364
-20.39374402547315
-10.701039930290076
-29.982995206220778
-21.28619543344872
-9.6555848261919
-13.794171815690044
-15.0
-17.971479389063415
-14.933044822549103
-1.5771061828218311
-15.000000000000004
-25.56892197743629
1.1565082047869595
28.468867580479603
-8.585168537727446
-15.0
-21.38751232489578
34.548780120284505
-6.337362613824887
-9.273720240617445
-8.82415418172053
-15.987404494261828
-13.831770520717939
-3.5771167560723214
-15.0
-2.6930193703352785
-21.356934133154216
-6.191317240410488
-15.0
-15.236313677362608
36.94438156049718
-15.864149803534758
-22.693263167387734
-15.0
1.5046344994206464
-15.011261438511948
-14.800548773422591
-26.60813803082489
-31.00547444137592
-15.536610405167998
-15.647885368999779
-14.999999999999996
-15.0
-19.98899845366526
-21.235871520340975
-22.7530566495739
-21.54320498010521
-17.583673053134266
-2.353910139685226
-17.709425878704547
-34.018981811278174
-6.8219533032844275
-5.49304842800818
-15.000000000000004
-15.0
-21.567370250312017
-15.653022396143529
-16.179175863797532
-17.101932750137472
-5.677052592264921
-23.550245649644857
-23.45665271141102
-17.205083137521505
3.268640495809132
-24.26876703958756
-0.787794640041561
-16.37114056686446
-18.973047670684643
-15.0
-18.608001609895076
-23.967270959072223
-3.521975608633685
-22.037172352168326
-22.221653846949085
-11.072012954639886
-15.645711949236446
-21.73761630585287
-2.2781150687856577
-2.8872982394877713
-15.000000000000004
-26.26955601767129
-16.304833814118762
-20.652182719139557
-15.0
-25.887581058334227
-17.816156810008806
-7.501861108769345
-15.0
-17.265386561173916
-12.512255377930847
-17.04598332249307
-21.14744579804366
-17.001108258936092
-18.46154103185097
-14.999999999999996
-21.015198271133592
-31.482512435877716
-16.01019072189553
-15.0
-18.94367499085306
-32.3318235302646
-30.848539908052622
-26.156193201425694
-22.984715806290442
-13.269572479287017
-9.526577032847475
-31.99910523629208
-31.1711987418634
-16.82998690184865
-8.269329033503979
-15.0
-16.935866043886772
2.4435304072769313
-19.5296635941969
-18.201398598569156
-23.33692079056801
37.38936767504905
-32.044046419103395
-4.999403439220782
33.670372584253926
37.91758697562354
-15.785877495668363
-9.691573096223244
-25.671004615498273
-5.958619251488733
-18.806026430296452
-12.047811594027081
-9.589489815512517
-23.582237796990427
-24.740355543561087
-25.839830205382743
-24.141384387431412
-2.860483710874078
0.4728231289959126
-18.345382276016537
-10.259608773658174
-23.451184965055855
-17.700328707297246
-31.40286142233209
3.026591207650153
-4.898467198275521
-2.361732188984787
-15.97907559266558
-23.209474148537694
-21.517030184476045
-12.833169774717536
-23.499817216281322
-21.729381177421743
-10.909305845491568
-18.103866285508285
-15.220550440928807
-18.16619086921927
-9.052649223195944
-15.745424171550109
-15.0
-18.663325596208562
28.209433465573362
-30.37530107113924
-10.586538136855559
-2.0684802887967297
-28.627959978929944
-15.93031536840424
-16.53402620125117
-12.260286617213087
-15.000000000000004
-7.742535219380425
-17.942865508463363
-19.92925773542311
-0.8047643326758624
-24.649479535697136
-30.312856633504545
-14.229843418268398
36.40298061042077
-12.258852578979635
-15.0
-28.914267912211734
-23.541829166278543
34.10736934223625
-16.65949328366674
-8.399181967682523
-13.645677217951228
38.46207273491328
-29.329761201747132
-17.41834253333355
-6.2346721654391715
-18.42369032375843
-32.29175224815734
-22.030012607659188
-18.184492870266176
37.741255621937185
-23.18161940241648
-18.038633569470534
-7.827685814445827
-22.322179116290044
-17.24175580107012
-16.331636108028516
-18.129724957919894
-8.027843346953315
-14.999999999999996
-16.010100313934743
-31.609940221289353
-9.11891016940503
33.88560415316087
2.720079755788859
0.6870702432989333
-18.303076254319837
-24.620529956625397
-14.62010227448864
-15.0
-17.3724565968692
-14.999999999999996
-15.0
-11.085941280827974
33.741631061963375
-12.148783022130347
-15.0
-9.347310391722017
-5.924469060743627
-16.646182449250304
-18.23638929867648
-12.743360746731298
-15.653322590781931
36.751237545628555
-17.456210237100297
-11.797119632944119
-5.074153336690088
2.7943066522555586
-15.0
-15.0
36.51271825496411
-20.465375448229963
-15.0
-22.93041256708069
-11.390274183079004
-0.837764737226335
-6.32510692449797
-1.204931826457182
-17.487159289314384
-18.320171028096063
-14.999999999999996
35.45786092172318
33.94016841541082
-16.931321301556586
-26.76425361739203
-0.4281103238510511
-13.776628991917576
-15.0
-15.0
3.6138828188997785
-15.386877892587037
-16.261860854021833
-4.052560627881125
38.70653498824867
33.76130262963748
37.7830176593545
1.5661813965372104
-6.652550220928559
3.6082414907141818
-15.0
-15.0
37.687499924848225
-17.36579635874795
-25.76204038464814
-3.0616814714713296
-15.688094872602353
-4.729329453765242
35.8242804430724
-9.347093210397531
34.31436024337791
-10.099978872285806
-16.070485923985967
-17.442361974162694
34.44215060825785
34.81949961970646
35.26361361381094
-9.619532346284412
-5.655949584423215
-6.571180593249027
-17.741255208407434
35.196393759990315
-0.050673787447395924
2.2559748350616715
34.99555662065165
-14.10513540566628
33.971416772030736
-0.7264456571776989
-15.370661705566858
-15.470613980179278
-10.86947430706743
-12.274267558322917
1.1633902221758348
1.1170172194186065
36.68344138284083
2.2970384416309546
-16.19959490081838
-15.0
-13.877816309631985
-7.7700026460751985
-16.809442148387525
-15.000000000000004
-23.28849766715191
-0.7322383634633898
-1.1204889205433606
38.361021556986685
37.45776387117428
-1.964260374351463
-0.765111016516542
35.29710969898755
-9.280809299314651
-14.399936909967375
-6.458076527090565
-14.683282060789104
-3.9233454970153776
-12.601212411868083
-6.482043997565755
33.20115087628016
-14.103457366548811
-18.547135882694942
-5.453572408696164
0.5163406695133297
-2.1045911107234225
-10.949728530790088
-16.71838911595752
2.391266107371127
19.21133160432812
-1.405937377297347
-22.62613479582538
4.423648569694297
-3.5098108030066637
-14.744998912021146
-19.366027581116388
37.65152538700561
-9.573919326486438
1.0342213620229757
-3.1634648301870065
3.3803607961633695
-12.448045843958118
-17.62026005945313
31.286415614574405
33.62666632458868
-2.0693184705440224
-21.512030159699712
-1.1134999011356541
-20.41719830109388
0.6618256440941401
-17.389078150483872
3.4965625748766342
-15.0
-0.35287075954947866
-17.17885375182638
-13.997600361919392
-14.580447804631348
-9.469574573525051
-15.606393944829186
-9.613713040983239
-15.0
-17.792047709856625
-19.227814866108666
0.14647863348983492
1.2413321866654279
4.022520934676329
-1.2797463664589408
34.83179165513553
0.5922155976127375
-8.65116642190072
-4.6253880754673435
-13.149846408652586
-10.749145446271939
-18.12294496233673
-8.843977976455207
-9.679315355856671
34.49616764274288
37.49909323752
-8.532853218720694
-0.12139610139395174
-15.523509909137992
1.2078152947394898
4.41731649906993
-0.06937198922111598
-16.61341695519901
35.91472684979482
3.5584417853124712
-7.656451670301987
33.822156751379495
-6.06446011371558
-10.978274911437868
-15.906815439653762
-3.9319000896353273
-9.450278618907756
-15.709051557630676
-11.311976768470238
-4.005069574116266
-17.32679355270622
-2.088430673327398
1.5685645803672958
-15.0
-7.110790073358716
34.2602794477811
-15.0
-25.25135111547157
-1.1056105443075719
-5.033893568621231
-9.879034407150622
6.523055998162288
-7.903783008047993
36.65153339913407
-6.951114450684164
-15.127841366137037
-6.918974073808419
2.2779625664606655
33.65001961354764
-14.849942266740136
1.6760660202686175
-19.109989360104287
-17.749704429105954
-15.0
-4.98655940774492
37.080512625978535
-10.800200966069328
34.850081469196724
-14.199678721359048
1.3073974286348289
35.13865730416354
34.358885337557155
38.057536145027456
-16.214174399923206
-17.622349712739947
-6.090021585715338
33.12338804049813
0.9117158870391631
-1.131251702816387
-15.0
4.999314170564297
-5.280125174623681
35.156579611822
1.6909186144506236
36.591552189532095
-2.1328937472958085
34.61877548648553
-5.470871234460375
-16.4529741435252
-2.2378894591084624
1.5838501131932805
-15.0
4.101993717521877
-8.728469997527851
-15.0
-4.065408812183582
-1.1494773316757616
-1.9894371018868409
-7.254953471419176
-2.1869014985757307
-10.570148192329459
-4.096358976448821
36.71197424963276
34.1971947725083
36.692696992899286
-10.514885066280073
1.6700845123169064
34.69438778448356
-13.730099027727887
-5.965976787839841
37.91825148950835
-2.779840134568712
-10.088565854730144
-15.0
-8.797477653848427
-24.82552067885965
-7.475742055851638
1.1800197610595902
-15.0
-13.9037631484168
-15.0
-8.023728294157829
-3.642716601124226
-14.183318287241732
2.1837064925914955
-10.022365876918858
37.48363658852796
-14.815854652500597
-3.9293437384114434
-8.839863123144932
34.79897865629883
33.96961491819116
-2.2838311839313405
1.8628825135965261
-14.926738038250358
34.6984730005271
37.53118642735393
-4.879230182092716
-8.380592564614135
3.4839504790685254
-1.6293011587042123
-3.6617195548063926
38.192749434388546
-3.904528846801208
34.086861517830805
-6.787659012826342
-2.528033966209277
-4.198945991393273
-8.075948964369712
37.94792500290259
35.745863050788735
2.159139837916264
-12.214628052358558
-6.329578356039486
38.01702709094173
-3.2765522730175025
3.8612547849149266
-3.9569154772705115
-17.12777438707917
-9.196291517180041
-15.0
-17.402140586452465
-11.550873798881462
-14.754710753829471
36.312114957620004
0.5054101836509801
27.612352579638536
36.60650221058869
38.06115077515314
-5.76436016219726
-15.0
-12.654585495697994
0.7206034238523973
-3.532191503403217
-18.939105621527354
-2.0383089658245623
-9.615890276509504
1.8166063773102223
36.00128420458759
18.008240702747248
-15.933758199736703
-6.937088961703099
4.313994528981588
-2.5154548738587703
-8.548055300779346
-19.00873818982617
-15.0
-13.949555174193087
33.27879244134191
-13.614248573046805
-8.48413244126504
-14.786016723983119
-19.09694095788947
-15.415315892229309
-2.465043644979577
-13.129579307346399
-7.116334573210761
36.106448954231055
-10.327456602685281
0.6587932985727036
32.02367242633204
-14.603761184875461
-9.432064563332967
-15.131554269540693
12.008666620526583
-2.055262071843419
14.839022575940074
2.4093276091116316
35.297185273590316
37.66146830813565
-15.532574099163913
7.570496488434628
-7.155899135668147
-13.782580420099007
-16.382341767838852
36.90699983903735
36.4773183101414
-15.0
-14.867421231792502
-18.377831888563385
-24.028945256028003
31.931610065507936
33.54984692449048
-16.450438181585536
-3.861937330055147
36.53352289472727
-7.805351569750184
-15.0
-14.927237091306232
-8.974703406365876
-0.5485020491447123
-0.49848838807854534
36.53941843255606
1.158409448422752
-16.971692335825075
-8.183428275457821
-5.050951934053813
2.3599147835048164
-9.358283558094728
-4.157904194636119
38.59263965508516
1.6761447339273516
-3.662398108493619
-8.969035794388418
-15.608990110436011
3.441040254128808
-8.825480354906837
-2.8587068775567523
-23.036805707374338
32.668681082049716
14.92685094745247
-1.095990430798306
-9.201238147527434
-2.653897822416825
38.23717721347492
-5.550661938379907
-7.77329897456908
-15.0
-2.8297915049780595
-15.796128142345266
-3.012799631501169
-5.3488722835779825
-2.2929714859708152
-22.000021408107596
34.57481846237913
37.99125866374736
-12.000462448818144
34.334518682072414
-1.4119127849419542
4.655604239586324
33.8090996203231
35.095782937744104
-2.9485847862014865
1.846318530939321
-3.248890977828866
-15.0
-17.748847918312322
-5.828620788482365
1.2938408359553506
-10.916766892429631
-15.0
-6.070123453650794
34.07125005921618
-0.3907374438732063
-7.0823103214387615
-15.0
-14.999999999999996
-6.915168702491673
33.48763639219797
35.18798313793906
34.67402501437882
4.2386410987156005
30.485405591713942
34.67849006819388
-10.373752776995378
30.60295476641248
-9.73775178281309
-15.0
33.91517110677525
-13.297599602932682
-18.17035841957969
4.3830221035338575
38.40206495269153
-9.817385829218495
-7.967019289498859
-2.4307651551914145
34.780048097665826
-15.649756512364874
-11.581593457990573
5.0682767973314675
36.69689409211007
-14.389707959357985
-9.885123962936333
-15.18121849713275
35.94022242888468
36.76049206628187
9.78807056347133
5.092250975326657
2.939746944985803
-1.3921326944273051
0.3425067462200406
37.17105100735648
-11.177404385332954
-3.721449474953035
-17.234369964757516
5.405139501690094
37.15501436857788
4.343729196894461
17.232645230465728
11.676246089510324
-2.992869806193106
-17.60916234619643
-14.95580227996288
4.912857267880721
13.459829482819346
-15.129740504205667
-6.6991190970666565
7.146563850404101
-3.8486461597603476
34.35172143405427
-9.790793907578704
-4.888352536731508
-2.336404451064345
-15.0
10.711561528731975
-4.998353716577885
-15.0
2.1033175840698277
3.8784707867526365
0.6112841704739367
-17.34789630221172
-15.0
1.2686634188839783
3.059750603340715
-9.791409598542966
2.3231789925946664
-2.3145778289819177
-14.649734950503696
-17.241170335763954
-5.790969188254435
-3.6997546315808485
-15.0
-11.70860296479875
-15.196758022077415
34.06662101257929
-1.773392216401458
-0.7941776919874144
-15.235965767052516
-15.0
-8.726346909535053
34.32227600877086
-5.452304170562154
-15.0
0.7058507981294984
-6.480302503639528
37.38703076241033
-2.9515219081936905
-6.4004998798306865
-3.933034494979559
-8.48233366013114
-15.982546773679712
-15.0
-15.656886433884294
34.088949729119804
-11.319552572510789
-15.000000000000004
-13.188548334518787
-5.739602994185898
-4.838660699970166
-10.988210976548709
2.4342098849997136
-2.4581821015835104
-9.091310090234867
-19.718412538012192
3.9030140022346735
-15.0
0.4247929813573883
-11.313582241218342
-14.851753584021651
-15.382008858464777
-16.31883156436054
-4.8313823047616005
-16.402898725509406
35.75059425689344
-2.3200918520582174
5.0317079244638485
-1.387410520573841
-17.570218348819175
-3.1536495176052117
-19.210719014854856
-17.988232299954205
-8.097252423326204
-11.391768139014566
-15.000000000000004
4.1669982642436825
-6.761391049446722
35.64629232172513
-8.319138230233914
-2.98595390779397
36.20327464437177
-18.56715871452395
2.300509605399167
-5.926396126392113
-0.02864898303712593
35.97275230992654
-1.214568028765914
-16.696342860177094
-19.46778461111667
7.812580311647686
3.2272543543504995
-3.1872270644528964
35.18267792310499
31.982404592376497
-2.642087830179852
-5.118195056389725
-0.9768524173208668
-6.701526182201821
10.711247822709051
33.67516744243151
-6.873638995045873
0.07457960292129329
37.29220539730294
37.22930321591602
-0.7868403985384926
-1.637855087735863
36.276501437644164
35.972421012500575
-9.587432185481461
-16.599936783011966
34.33042663472272
-5.406315085533356
-0.7785744643248389
38.27768321263186
17.835630543223402
2.001278841810393
35.14913711675155
34.07656386792123
19.889672516564794
2.4161986935967157
-13.949614963317023
0.5010187880353456
1.4215348847392981
35.31550232642761
-5.658062857756995
-16.41639520538171
-13.002616448685316
-1.6737891942524072
35.57840668985377
0.2964426848443438
-3.1729258346400027
38.33379262612475
33.80259567002839
34.32664894988241
-12.891433779979915
-4.805946312088455
36.47112312314756
-15.0
-1.6872058306914468
-14.727596743808387
36.89430009604088
16.320613711426375
-11.751300558571081
2.2609619281640168
1.657033864578004
-1.3840279716173196
-14.999999999999996
-5.391903533128399
0.950876748608172
-18.036919756802273
-18.97746465651303
-17.229365597236
-22.509674330872464
-16.626996440118575
-15.269724182524168
-14.431206205017167
-15.0
-8.783302543369388
-23.489233485382485
-14.999999999999996
-20.656553406024425
-14.812490123857266
-14.999999999999996
-18.79699504685845
-17.17090649680003
-10.150670221285766
-17.26414476447724
-20.118635059097542
-15.0
-27.6642289461887
-15.191857902780086
-4.424388639743844
3.8970930209863566
-9.07255898042023
-20.172142862617598
-27.016872269602093
-19.42298405588393
-8.222342791357184
-21.86186413320705
-20.828430862578337
-9.643212326622605
6.176659848116504
-17.217898590653906
-15.721078438374644
-13.719606968071105
-26.59957459250859
-18.44473251695232
-23.046402144066082
-21.15623967153698
-23.209932449351655
18.866774218551807
-27.15177208820172
-13.309918999162488
-37.09806310537063
-15.000000000000004
-27.800383029771012
-10.141189673555687
-16.942722978297713
-15.0
-21.64152180989494
-18.325069244668054
-14.999999999999996
-24.322550197733104
-15.000000000000004
-4.421412510459895
-11.757110587635136
-15.000000000000004
-16.11736128297624
-7.619687646803063
-23.618577766864167
2.216438561780706
-20.45506845302107
-18.09629691541083
-14.403118650229027
-15.0
-19.2209447617854
-4.976958385421916
-4.873171100757869
-12.104823622844345
-9.532434461003444
5.187876419375016
-5.099656296939635
-15.7659443895069
-9.378096110284131
4.842046097270863
-13.76092691157238
-8.424292382459761
-2.587759672198775
-20.836400103787213
-6.712772597347756
-15.815911951584196
-17.766790010187385
-15.0
-17.502827340412665
-15.0
-7.6014340282635455
-15.572099796206649
-7.212435799864817
-11.473496117564022
0.7650575592440756
-15.815984852228105
-24.176318095450245
-18.231230597806697
-17.6172813827764
-15.012825978642145
-21.551834348505558
-13.244093102513892
-18.470531075637936
-26.568708712239104
-17.49738694930477
-18.917480131326506
-19.884585487417674
-12.423271093003724
-15.000000000000004
-15.127141106235754
-18.80368537740658
-9.298298412807558
-14.252831028774517
-19.779414338934096
-9.808944632275473
-31.479370644319783
-25.859724666232847
-12.571127138194056
-14.419250460662708
-5.459821444360623
-2.724538164341956
-18.062012350394703
-25.380258124868703
4.199742896828685
-31.471899858095124
-27.20267882949001
-29.413559710093537
-22.79727435653303
-13.315808389420981
-2.707082574582314
-17.410920435449423
-9.089231938631325
-30.085400026875842
-1.145115261824177
-3.4918880594789172
34.02580131555072
-16.22984591534656
-1.8067397611789815
-19.292231886510493
-6.408775798429481
-15.0
-15.0
-26.71241845535754
-17.00066794797018
5.919777766438287
-21.59102322179333
-12.42574483185465
-13.760943003734884
-10.543839416485126
-8.62106553887753
-16.21800649596494
36.261560218654346
-13.374393821824045
-23.455029374488497
-4.082682974527421
-17.447124975332258
-25.991569073393386
-14.758309436002417
-15.584853167549042
-11.854385983036533
-13.11416449376833
-15.0
-17.11306456599432
-18.621439929225904
-21.181335795985223
-2.2219875696157683
6.08647281193859
-11.732994487142484
-13.181349380312701
-0.45695727819760457
-16.733339641403433
36.50615081089008
-5.494539446272967
-13.734576731154464
2.2301844458753095
-4.130827683705052
-14.774191898235989
38.137997796986255
-9.58815222703013
37.10772886199105
-12.935546983748534
-14.999999999999996
3.30245182730987
-13.79435012612355
-10.50709952274646
-7.181149663737996
0.21612161350061143
37.831319241038855
2.1572099880714575
37.34637433466875
5.179917520553214
0.5337745135290071
-11.449613074770353
-15.274072665997455
-11.066815903259975
-22.797748461580028
-4.635710669917385
-16.719975520987585
-8.591753928885288
-0.4994466057310216
-4.892220292253251
36.610309909669176
-17.068915014860107
-18.217579297329046
-8.996443072457284
34.969467476978764
-4.930973537749319
-3.876236341308683
36.237262498717335
-3.0702220577763306
5.0407245651276575
-12.276979616000451
35.60960053854916
33.77064395894536
-15.000000000000004
-2.950088108195825
37.04092044396293
-13.527292109397873
36.86848876202865
35.01868027487218
34.91042858764648
-17.09102631792473
-0.05092028005666016
-7.33094595671446
0.6434001367880704
-5.211080021421486
-6.023919010074378
-0.7813779037958408
-4.906889638899745
-10.782923741728778
-16.39269606254162
-4.575979896080167
36.70118785018375
34.492158659249284
-15.0
-4.351323792837988
-15.0
-16.9459468762747
34.4284270783337
2.2673306544085676
37.53827578411012
-24.489545060828533
-7.004639351926082
-0.5594656690117574
34.56738265204362
-17.985004835718023
-3.9442107261641848
-17.820575059234205
33.93065518460518
6.390137251071177
-15.0
-19.676827380161903
-15.0
-21.00765356790372
-6.164925623629937
-5.3325738307583705
-4.075842843330783
-4.079062059992259
33.656433615741705
-6.965834807523141
37.71509031049641
37.97672179098191
-6.843892146552253
-19.059718445212006
-16.019358996383755
-14.999999999999996
-4.553808410594193
-8.27236816450924
-3.54674358355639
2.696533989308442
36.5204649732067
-22.499828757115935
-4.938711722906557
-8.895324012514447
1.7951464436872584
35.96392222036597
0.9271609447310905
-2.2880513731494343
34.454660461410036
-7.924981731910602
34.76304745183948
-14.36329955348089
1.8297356051203977
2.4006437467641817
0.8931082910032213
4.434698405364518
-10.921995184713168
1.1283207275643008
-14.973176991160678
-15.0
-4.6513118030697616
0.13002764244732745
-10.561093532320005
-2.255212599130058
-15.412218381868845
-14.999999999999996
-13.584026213161113
-18.661920682918698
-7.892972542024261
-2.294713196231429
-10.777972149203645
-13.508240563349423
3.625981829047376
34.559225166914786
3.997042137108288
-0.4686089451770581
-14.734990028547688
2.990062450814456
-15.0
-6.7742614402229115
1.7694266516266701
-10.507091674339541
-4.893288185871146
-11.098539732789252
-7.70424746075661
2.6635525340509645
6.181923265754772
-8.148482031087191
-1.3949185613566897
35.80090789129572
-5.142256909275343
2.7884013874022315
-1.7734426167019244
-11.140167281672335
-6.442344142697795
-8.631299143165581
-14.70879936493343
-4.426406618112919
-6.003986888243563
37.538399669921134
-19.12962604353546
2.9910104437056795
-20.768710646679743
3.278291098816119
2.7229242288065763
-5.5940620791348845
-14.475472325232467
1.0568201002439856
-10.082977204287554
37.27564003651362
36.96120832507261
4.675170740426637
-15.000080954317596
38.49280202752873
-14.946543297131578
4.832661974890442
37.757792643428175
-6.615405107586433
3.668944404454571
35.12249327907252
38.47677087161634
-8.497495608584613
5.73266909633028
2.7513453827269565
0.9440537512479583
35.0869060054154
-1.8729568694232697
-2.6802409414020723
37.39467960957243
3.256389350549398
-19.036033762221777
-16.18273517832016
36.031065614359576
-10.728367452611538
33.92564150180961
0.3332268111149048
4.00482428597228
38.60975014186183
37.95484713256726
-2.0454054607162586
37.54508250346884
7.665777205993805
-10.40126943443692
-4.735247669016987
1.5893562957995613
3.189807745265366
-4.810870127483248
36.98706055730801
-3.99323998866517
1.747469387350634
-9.658164599226586
-1.3683188527097627
-13.186948743319268
-15.0
0.23991745020977362
-7.098944793392718
35.208339414803746
-8.363594666349055
-4.9091296909622155
36.890625973322514
1.66062899866089
0.9027096255293223
-17.6809901908249
4.580223606976272
-15.311662537277847
-5.456993185555147
35.384164615073715
-10.540934888167987
-15.0
5.10156542979308
4.022894213811899
35.0833143788694
-2.7179632918918593
4.767608874502045
-13.401053820449253
-15.05193827474308
35.31691304163425
-12.26643610166657
38.136155705423306
37.14371492601061
-11.084374846792638
37.929230714908016
-5.798694536900296
-13.405369537141627
-11.946134042834014
38.16288055406406
16.554683226919476
-14.999999999999996
-15.0
1.2980617369672522
-2.3590559104237414
-0.5715189900711408
-1.7005656261333506
-2.4411927795899278
18.823387028360266
35.365967408241936
2.386574879115283
-15.846445936526376
-14.642919504894136
-21.30164962923196
34.32885879378277
-9.183444512934383
2.92547892974536
36.5962192527702
-0.7973519418652995
34.80980078649506
-17.430947431112873
34.96038012087893
37.255299914384
-5.746861906612718
-2.9243174542965598
34.57902607091729
-15.0
-7.579011682631971
-1.933116876688345
-14.999999999999996
-3.0115335458596952
-2.4752079201000203
2.5955191668564908
35.973914499219134
-6.052905856362392
-13.711473494454482
6.093989842669966
35.02686391815452
-15.000000000000004
-11.982171791233547
34.83266902844288
-6.3083866624915
3.0540695215447258
36.23243766139407
38.43379561432337
37.5138857470073
37.834995568843865
-6.096246712208957
34.95858290411884
37.18936688678538
5.922048493277238
3.423486908855157
-12.4383703595612
-9.47331296075351
1.8312946380491333
-1.253510637423009
-15.0
-17.78189739522452
5.757965926338837
-3.258917515538883
-17.64420630404699
3.1015108324434273
37.94005754503851
35.11398105039649
34.633624101643875
1.3106161201546271
38.21699415102784
-5.437121237197042
36.82250972182666
35.106729457571305
-0.6808164345057541
2.254055665655283
-10.115820810429732
1.6796631194291507
2.156454713043985
13.64254777535294
-2.51931692033377
36.97126666503624
-3.3165198200797974
-15.0
1.5498067045454356
35.364543335779416
-5.99512247835445
35.4237250065587
1.7194407240518714
34.12741358826693
33.959004246483424
-18.076991933655528
2.2226939595471435
38.38730926179845
34.534515705504646
36.184998744938824
-17.09279523223333
4.086408363186234
34.71417026568757
37.413438216905135
34.235525201606
37.12851461201653
-0.7693975153866184
1.116603055731268
35.60839980480224
-13.426551797438844
-1.2243269910373122
-1.2554349477286202
-7.690498305161986
-3.2015589615774207
38.42513621086641
-1.2412787122118
-0.9605230908160713
38.13502464638795
-2.5929393701767367
-0.7575456723394236
-0.034330329151064376
37.13027195070811
-21.460372472792415
-16.16148036526731
-11.760265620140213
-15.922574605827261
-13.339547561960877
-4.370135254973718
15.36431220829663
-15.0
5.098433816094065
-17.525224018492985
5.547819592924203
38.353488446903796
36.810926126874065
0.6700499328484284
-3.5894664186221963
-2.5826966635377566
-7.32117792118869
-2.9625828655322675
1.4470447851893837
-1.7298391932694344
-13.091730811886357
2.014873894942532
-15.0
-4.381937759915882
-7.580355676390733
3.8241163049241678
2.507863763154994
-14.806638348334555
2.6179073229120746
33.96697517613042
-6.631364154156838
-15.196552734924076
-15.052902164321576
2.5484512806592114
38.56632014458207
35.574765838768
34.93448331874767
35.77018179528234
-2.6149772262720905
-13.27805389588875
37.7242978073747
34.272892050669995
-0.5592242297036041
-15.902519207201653
35.78001511969403
37.05273484612773
2.2448766481371543
-9.700546761776668
-0.8500342531507954
-1.6132338841979195
-12.797667444034868
-12.27068024735496
-6.96446917414282
-10.650763487353606
-1.7427177768034579
-15.0
-3.7319531870143585
3.236199014495817
34.432444136352416
-5.1211964901172635
-7.942347327261082
-4.113423532082898
6.11350080352657
-14.3805839188728
-18.19999262784122
2.2653093206493438
-11.392971345447211
0.0791825782866411
37.2196894739724
37.742979331918235
-2.7002508831048075
-18.350162957893676
37.234558389455295
0.9525602339780015
-9.104222421262904
2.893859820850615
34.33994347995803
-1.9861424678725488
-7.108216441329322
37.99039626863775
37.390742518306695
33.86853240026383
34.25230429983997
-1.3575890763833645
-10.115748791399005
-13.75976863567483
3.7318745915078146
-16.19664302118292
1.2985743899483992
6.375144313821323
-13.457498252684834
1.2429471779483094
4.713802994303599
5.2546732840742685
-14.733507635022471
-6.374389341651138
-4.25633883625526
33.96177095674325
36.867759827191776
37.46899093481128
34.18351739429265
2.6496279805084697
36.54382317592479
34.91398440303854
-0.25727287103156016
0.2299122059156904
-17.433686301657225
0.2880415571974133
34.85683769816068
36.41929272874404
0.46784604326589196
-16.722231426560473
-12.487554395503144
-9.67269486548496
1.7138287471970237
2.71626023945943
35.65820069721933
-2.6440653268872865
-4.102465452800837
-14.999999999999996
-4.570712744966338
-2.2091238144734664
35.27973040674449
3.0182254793120578
38.35856813593529
33.8639812515725
-15.0
5.51621435336752
34.086604674955026
-14.94187261809655
-15.681409270268158
-16.405402011540048
36.06363175238288
-16.251182652890567
-6.618948222509136
-8.611320190097452
-3.1729557716572554
-15.0
2.9149873406443128
-18.501836512644502
34.347280596342046
-0.7213359345431094
-14.09789114537162
-16.5970492911839
-0.9527325025302282
-0.8789264646562227
1.8929949733386842
0.849270267850109
35.60259196910002
-6.6844499413763305
-4.994028228010347
-2.1869537607062277
-20.170010892108323
-5.607354142170518
-8.240781219173607
0.1486140429555043
35.01415632990292
-11.999313415652143
-1.9889767600433181
-5.608920383551446
-12.933890916521321
37.02865558310036
-6.287111523112946
0.9706207912317204
36.841998791999735
-3.6675429742093844
33.88637441776993
-2.1416423765480186
-4.084788871538725
-0.5365463672538517
15.999551479915745
1.1330675538915926
-5.440937009506104
-9.751966182259252
1.7123014834561694
-2.0520916613107882
-10.845588295916214
37.79075830223235
35.106419164910264
2.0921696702841324
3.921045510663575
-15.909775967215229
1.9349233890259612
3.5970721683567604
34.155861205220674
3.468102602612209
-4.274571986438014
1.281990049534155
-11.172718178610852
-3.3992951536699287
20.02924995011875
36.18584956828894
-8.977741017938442
-15.000000000000004
4.292475788725529
34.520715776200774
35.32306458833631
-2.172981437351744
-1.8662650841317934
3.2520515056832693
-9.970734882517469
3.7501422071525994
38.47551564041656
-14.15987604996718
-2.8986575264802426
-0.3868777879224812
3.680552514658242
1.4214485009293298
-0.4266944771219858
34.566056302435925
-15.213110391162381
-2.4360100438484746
34.5583377221876
0.04895338806459115
38.56522250929508
34.402213807837924
3.3733266434874523
34.55331585130912
2.82671544140047
0.05732507598710512
-11.030772750441542
13.83323860946914
36.399605111974125
-3.1415517136783073
1.5787767761475529
0.27371246151305506
-14.423987466779305
-8.684713186135339
37.56628401845324
-15.207733548583455
-7.218496909430485
37.90033021076792
-16.148913410370533
-2.965183346276456
35.966775426733754
34.78961977153796
-17.330726812701638
33.86566982494258
-3.980215263946514
-9.67644845179676
35.28696031697466
35.70331574178
34.950278543286956
12.64405329801474
-3.301135788879799
-12.172225108255661
6.0370110524645355
-16.77127722191496
34.96094060380574
-15.260442560976891
-2.842337838835089
-0.9492397970270687
33.72805287409045
34.37938970929652
-11.531534104725074
-14.999999999999996
35.19799553100541
-0.5404950884706139
37.32941452257036
-11.087235461060496
4.317069844909181
-1.7354211307673637
-9.780595719490606
-16.421264607914566
0.17110673905203377
-1.7332593126018025
-17.216910684706498
-4.834639529521242
-3.334718612172116
-9.505161960610753
-1.5487694599846318
-12.503649396917837
2.0488937988436007
5.605371722541623
-3.878692163238661
-1.2500110394999187
-20.042600501295226
3.953438381978774
-7.088676458726198
-9.789534139033718
35.736017980502496
37.88723964808328
2.5282137101092417
37.601459538128125
36.28811555729051
-21.027715367203392
34.612855199066345
-2.5883349295812934
-3.8504649607727117
4.501397066317583
-2.675744800556213
-6.20228661269195
-10.780383175648058
-1.7768788875513213
-6.81943821563144
-13.921221731323318
1.9233178032029699
-15.0
-0.5066968242583947
-15.794633120507626
-7.83726894548789
-11.89458044108163
34.40381130987018
35.14203426298161
-17.033288619125617
-5.996047146916483
1.648590131491865
-3.064984288624304
6.093769818324201
-3.058136207222649
35.07607859508617
36.64437026530266
-4.07296274526832
4.551124951754023
-0.8718992525646314
36.90467953971889
-9.395046496469897
38.438931178735764
36.64846258679144
-6.701784483441967
35.50571988728275
1.6869728341763306
2.0155456474799465
38.100529285986575
1.7875241741644743
35.74588064077342
33.795154064176884
0.38629985884865015
33.62096751279174
0.005304875958360711
-6.8524730619522956
-8.927052713289685
36.93499690433841
2.30355761283192
36.385353355451
-17.749929908235572
-3.1986264160044
-1.9212161939628327
-7.054021093915068
-5.6121047765586844
-12.629594383888412
36.288834718635144
-0.09662051624343171
36.33295318330441
36.19163091892818
-5.585504661612948
-15.0
34.91187340790417
35.19624606974094
36.43235768127843
-3.047415793192794
-4.807719842203445
-16.418766558268878
-0.7229003989280613
1.5723644441301055
-0.17317686321447567
-15.0
-2.2957259487236
-15.0
37.78470110707404
0.39365620469142826
0.08242539451101116
-2.8867094306741112
11.213133302489469
38.59325850093367
38.2916036531048
36.451965034328936
35.987011451187584
1.9053886302464704
-10.261164393585727
-4.3701116863552425
-14.999999999999996
-16.292282950784113
-0.25748169655486386
-7.7828963054776
35.373045573698356
3.32003394204121
-7.254747201928044
34.41582303839495
-10.7543215573977
-1.120853638149173
-4.4112444951342
-0.4738814403676521
2.2082537524803527
38.66393099143455
-1.6545652080003936
38.6201865694151
-12.568942199866012
-15.000000000000004
-2.2687415643960396
-13.318796334096872
4.50266703191587
1.2025439256977073
34.402511508157346
36.71866151030423
3.860980189732107
5.152077927134815
-15.0
-5.959869775590462
1.210800926610471
-16.222746282605712
5.382186893777369
5.884529982473516
1.3767829199283064
36.951868028988464
2.984324284905437
38.160617040903276
34.72809968159761
0.7006924869155604
-3.8326152378636937
-15.0
34.939652259774206
-9.667403784593578
-5.998162596760176
-5.300060207383677
20.73600778823639
-0.2856663721147683
38.383869785382174
35.92928106180189
0.026022715889597592
-3.9194512682954326
-15.0
-12.703112669438564
-10.460808982356387
35.77507900409866
2.598476540046292
-17.120714968553155
34.73845108667741
35.80588663813751
-14.863475705599999
34.26096810085298
35.32261168272515
36.23018074539991
0.9126725330000198
-0.6622880529973791
-11.884781048536377
-1.8170078710686877
-7.745640199526578
-5.077622173951566
-2.647031582534618
-1.3772565309684701
34.29240926952849
33.69972735803286
-15.000000000000004
-1.6060120017843218
-5.5362494678683305
37.64539586461103
35.78433052093492
1.435289411108812
-2.5824966085055294
-4.385411824202457
34.52024482836066
2.4419913731636136
-15.633828872921667
-13.704053955546804
34.5317054487936
-0.8286895987236225
35.57405740278495
-3.2920278046093827
-0.6358311835913213
36.448330151476526
37.06563197932378
-3.8767495603906656
-1.9811725833580134
35.242402672333725
-3.623399864411141
36.783282706281824
-15.163333334654375
0.04021809034615842
38.123342442006845
-4.957631884941236
-7.206300113290972
34.74564869488603
-15.0
-7.475154957193849
36.47506665513215
35.2845939792937
-0.24455040747462675
34.97742187207763
-0.6884360087865513
3.0870507369569573
38.189604240416074
36.36760755307853
36.59900637317969
-5.548513829917079
33.510772476451656
1.8810279248851067
4.1501347919657405
33.88595392729361
37.53729735670167
34.59334743964018
-5.875001366826783
0.05575486988348999
37.33696675458168
0.6133737087293092
34.50845772235313
-15.0
-0.41072669272463536
-14.752454424426373
-10.055119579962003
33.979543697862354
38.35364570037616
37.523145197408525
37.42321427654504
35.648437562053076
-1.7220608542214304
18.87263171189353
-16.77811661339247
34.6717998231136
36.455471535104024
4.674812876215412
-3.54966082075809
34.149172320635586
-10.3431065181151
-6.149791451384477
-19.019933688576984
-4.348679550558844
-13.281957417750853
-4.304059924180205
35.38390626287742
0.20060703945681269
-3.098395812882746
37.274131748159945
-3.9846604410308544
-15.848742594614409
3.8452429189100563
37.15080664724876
-16.49335726014625
34.03178937932054
2.808496292173814
4.819464826496411
3.174723140781925
36.40960324369039
-10.446829331292168
38.423398750489355
37.3626558706836
-16.353115877558263
-10.805018363078798
36.77543234837826
35.9102601311667
12.713976971152931
5.7265240564739806
-0.03521491819229716
35.37660528453415
-1.6161402957793527
16.506547723209632
2.955014778420445
-3.4345632486327595
16.20415800852437
33.967641973899696
-0.5662658544117463
34.92292771377501
-15.0
38.313424095708044
-6.1729866049651605
-15.563108144732736
38.53833858326847
-0.2569296137674275
36.017468392094166
35.63839280209027
-0.08423742890343178
-14.953975007903363
-1.1113321940191359
-2.8370092003508542
-13.660713104763072
36.68109838273354
-0.9629669603382798
-16.71454080529766
-0.9610917748026537
-4.554646654782134
37.910509665617724
37.86658042231733
0.48566356522074017
37.308394684461675
-0.5455072347165331
-1.6718364923248252
-4.771825672431445
34.047716431951656
2.6077596793034665
18.26945433617952
34.35372542974392
-1.9748964415897916
38.561551058566444
37.57960062135761
-15.978925450097897
-9.142753634979153
35.188825335663935
-8.210728960182566
5.947742924575145
-2.133358450920074
-7.552333632636742
-5.556735477646841
0.8649412051538654
-2.5253997252994864
-15.0
37.47086134007946
-6.267127859639189
-1.9399352529835827
-15.0
2.4980569038139038
-1.3690074272108532
34.15202633772586
-8.513020923997178
0.011487960475990988
-0.8786543510772002
36.15059803798721
33.97559768812779
36.60343754421163
-6.929792523314891
38.20961020737593
34.94753975950697
1.443294410989889
-1.3569493024355275
3.6977082421038787
34.560794422886616
16.144746711526626
-5.804355207738054
-2.5395863618429644
-5.70046077403156
-16.31919231530179
-3.9936065417880755
-15.0
13.171945165906056
3.6382154721814715
38.532701468621525
36.545278548031774
36.028709086761914
-6.972386804841419
36.22155985674693
-11.885025089721704
-1.991773339649205
4.805027758183638
-3.882017885277003
4.117363805438323
-6.897337660195465
-5.3820136745478795
6.473654973204994
-14.265167442907988
0.6436643960810429
-6.052185891401068
-8.858016836797038
-20.943748020224223
-15.436308361299735
-11.009448827989159
38.51709883293438
35.08995011750481
-2.918960129902297
37.349853726929524
-14.027504641630335
-13.440106811465773
36.16790797317765
-13.389502942847846
3.3502417487740104
33.96698151153946
33.99549857798934
16.994238564470653
6.9062070519596155
38.55418671564821
1.791501342112145
6.858312553847885
5.5724677294873075
-15.0
-1.6622888405839689
-1.3914742261435435
-4.496589302285809
-18.31237978086896
-7.216662883152479
34.627195627932565
1.545981246027619
-1.843642841170782
-2.8408619791941447
-15.0
-6.476563477108732
34.62943133842144
1.949404267664221
3.5794805425532985
33.88595735992497
-5.2938738400760705
3.351896062186846
37.76131849497151
-4.59047601095725
-11.83507433240592
-1.4873689406248438
35.85191272723444
37.821901249406665
1.2259881032820275
3.225820410903445
-0.12326209119033393
-2.3583290476000958
2.108166698261364
0.6914056744932715
-16.772853638826646
-15.943095096612211
38.59769524815967
-6.135848209745957
34.24887361923602
-8.861373079298783
-15.0
2.2638527512028617
-10.21267021382071
33.6023731149116
1.72850952140341
-1.5236724620421374
-13.151288542917943
-7.912605646639678
35.57410957160248
37.34907157524323
1.2914812205100787
0.4701040381655339
-5.734271248708087
-9.003503520741951
-13.93057359284442
-17.683380743733533
2.344087473833955
35.000537248288474
-15.0
-4.274160980772653
33.754433597399625
36.840204292540825
-14.459134119373264
-14.999999999999996
34.49584835757143
-6.479503791134912
-4.863769354120045
-2.625129196050951
0.6974306240895363
-3.434871913232131
-8.245472568781961
-15.0
-5.479332294456533
35.21598222567895
-12.614356095994896
2.8624332050708468
-2.190462698585087
0.9555059227946394
-2.5111833581348684
35.51290336318114
37.655887157168664
38.13037956630186
-1.4052054765906234
5.902926120199357
37.721188254469425
4.040135507370554
20.68858452747961
2.581377867576318
-8.141224730187579
2.6316988120090663
38.31918957987162
-2.135678713964344
-2.290887392514124
38.01170318307844
-15.159693377436078
4.678008762131412
-12.565437901522891
2.519447195204048
-0.44118424184967076
-3.1559399212558343
38.68168963513205
34.48558040070695
33.67965743647639
35.41078535538723
38.47031559444245
-4.3770974138941785
3.8778153889776057
38.46429220475626
-8.000084976177098
2.711321448145952
-9.898574965769255
-8.08648427912806
3.9508335142306947
35.9549634955383
34.17510661935499
35.15608964572645
33.77976092272425
-12.935478595760754
36.48428065739594
36.000629899669775
33.96825765532766
-0.07196603053652595
-15.0
-16.454294354854618
14.542735459654587
-15.322609871505461
-5.960859963633684
-5.318208473290806
34.109001633610646
35.03364578913267
34.97181844077225
35.973372364003936
37.841045335974606
36.448018487578324
3.5064377039778307
38.00849660410749
38.048034769980745
0.7034523773927912
2.1032122807145583
-10.056866840198154
-0.0994261748224261
-15.000000000000004
-0.56449599233245
0.8252416965805711
-18.234898481345695
-7.255191736122832
2.776454473272409
2.2753227627553585
-0.12451241263354085
33.90643115026586
5.0834255060976545
-3.48054247189212
-0.5006803762609096
-0.5214844412647555
0.2589064496487481
38.307942536890735
1.4390641523877399
-15.0
5.08560019967404
37.778022155050834
-18.921672464931408
17.428377542819327
36.99135174305556
36.20601162485507
36.88870699679708
4.059904147957248
-1.2135011904805886
3.844061158621898
35.9945273139173
35.57760551214818
2.8750841777194083
-0.4331844082501224
34.09597579678105
-5.994698558345206
-15.0
4.179944758637058
-1.5532979530701212
34.339147747856444
33.91426818483386
-15.0
0.6733596336852194
3.8538278266169606
36.90373040063776
34.51572162400285
0.09937227730207354
-0.31975565888842716
35.06946809591581
2.72733816756881
1.029460973850874
-14.88018840356817
-3.0656917662615957
5.9074262681575505
37.27833126686588
-11.176716068671517
36.13513693677194
-1.665720550109981
1.6656238079051846
2.797939865217355
35.04557284552061
1.070081069970204
35.03155472158318
37.70630499303895
-0.33885256610883907
33.93124790423866
36.71391665201961
-1.7732991454097924
34.213038372508734
33.80216286244422
-13.31661826644847
-0.29615837773270215
35.93357772292507
-9.556634761130887
36.30941368154991
33.81533502806061
35.07444746953085
37.46386504385716
37.97070281765059
34.87847718589095
35.95535889791995
-17.31637078336594
2.076390361407274
4.569188297770875
35.520649769103954
-6.4593094088308405
37.38775561614166
-7.973016100423052
36.07145450953727
34.30395425667895
-8.960598147133775
6.2213344369456465
-1.1339847849200204
7.153382389057963
34.12614903375723
-8.058157602744284
-1.0544643940903455
36.00524427393908
-8.171728845055092
37.5706655209119
-15.941163345048341
-4.845606026857915
34.43067160954779
36.990568847581656
-10.059973094994072
-0.6873786211802457
-7.733689415458038
34.152494616024626
36.31186563334791
34.871723233867684
1.2397188669191976
33.93875899751954
0.26381921709159606
16.42733703611294
35.86456307633469
35.665910796561825
36.55454637081598
15.282994088054235
-3.0473037415994
37.91133293926676
-3.583522388807655
-15.000000000000004
3.959816594096175
-1.2022908181496614
0.4108050704003343
-5.96693680302516
-7.198673307880528
-4.221035451925255
35.0888157252123
4.970687319043034
3.009249706283221
3.183502195407595
5.093981366032548
35.95756253470273
-2.472026499976895
5.54379875211848
-14.937534513971208
-2.6851088007006965
-0.6716343332091554
-5.363776360791263
36.116294928334
35.95574097044292
-0.743668719382498
0.37093185687421126
-0.9393208610005086
-15.874068599980573
-15.0
-15.162741407660903
2.5654966913652935
-12.130083109972528
-10.658227684907395
12.217143265306113
33.697355310785916
-8.101060862117647
36.68254402943016
36.07183449555717
7.141593494375687
-15.0
-14.678606470376812
36.33599086707399
-10.282457555113464
3.8646087314022353
-10.01135248862755
-3.6173303739507805
-15.0
-3.86014244729407
-16.470216036605308
36.542117468531906
-3.615337539734327
-1.4577063217134771
-5.626208394724676
-9.803785578249638
-3.8528340553441893
-1.5906647086799275
5.211535647432694
2.172992834985074
36.67492640933908
0.31109897105371864
34.2114881277337
-5.97791320721911
-3.674421761740028
-0.37429379178177236
-2.8666345007489316
34.81756214309331
2.0520680615765876
8.701931219707898
13.580122279527007
35.92874934914421
-4.888691405125908
37.0781763072123
38.61768355989297
-4.834041477617808
37.90076864160852
37.27906905564993
4.859145435994968
-12.818206299541654
-8.836521410456605
-1.0384668091099538
35.32086755247264
35.08712657513679
-3.418758667165811
-16.616807249007696
38.31637848237981
-0.013529594722230698
-2.459053577183626
35.63842935026661
34.584272729745024
-8.908623574310129
2.154084557446083
36.092871204327004
-2.3213822577128216
36.98166073216632
5.491464886434411
4.521003730919883
-2.757156514294447
0.5625168042310147
-16.024760990750924
38.28785700154398
-15.0
36.40141333064206
35.11882420191709
-9.268755450929095
-10.861904612638337
36.45365830004944
36.90233778320125
4.162235694600803
37.97463988459933
-15.009937932386737
-7.448078853295037
-17.839145821734345
-6.242815834884311
2.1286027566943133
16.56200373959932
-9.848652888521592
-17.438989122789717
-6.286035276683155
-18.36364597694189
-24.150991100180068
-15.0
-30.293865990607493
35.56110518230487
-30.11117930352618
-9.792226745046344
-35.55269750803075
-9.98060847373875
-29.54870101043355
-22.74940916600147
-15.323873652679008
-30.963403570537572
-18.978728161918067
-10.203563925870203
-22.82219269364853
-19.437614755012078
-19.8838711048403
-13.494137980434193
-15.000000000000004
-20.268638526319236
-27.89548483705174
-18.963328710158216
-23.583533615363866
-30.225174416701737
-8.869286077673692
-14.173472998505696
-1.518766696683544
-7.141473802551582
-31.52693256598673
-17.624334111496065
-14.761802400723504
-6.444858042910958
-39.2059084234374
-14.573854902754576
-23.291328361594577
0.12387792353634808
-20.70442377814846
-34.525179347067464
-20.60932304834128
-20.710515553050172
-14.999999999999996
-26.296616244565087
-32.07283332609086
-26.30305513628443
-21.97888136606081
-21.154376230524313
-15.0
-28.487686590705913
-14.934818206403385
-17.43960009319097
-25.63426050603369
-17.380696568201248
-19.932078908546288
-22.16865135777006
-15.0
-19.41993237422006
-30.766262177615808
-13.420267217392944
-31.015649696475606
-5.4284670016667995
-21.81892834041882
-5.167588628317841
-10.253816227037397
-15.0
-18.768713981631546
-32.32672464876621
-13.672559813636079
-12.272927293217979
-15.0
-0.458612672333798
-2.80276781165551
-0.5723400901166968
-20.86924447955111
-15.0
-4.970995901186285
-16.87281817447165
-24.684614630163
-28.456109662217802
-17.341558839145016
-19.897313211705345
-27.008625677339268
-16.30721873810745
-26.26577411195686
-15.743062205359537
-21.7619043977906
-18.758331940920506
-35.94039774394898
-5.482724587028116
-6.132191724112975
-34.61059046636532
-14.927358661626231
-20.22068986475258
-2.390706915120001
-24.401233567007736
-15.0
-7.663778304711736
-15.0
-16.279546540840958
-10.126302531752422
-15.821554631381671
37.52298334954127
-21.06468749969041
-15.0
-37.21434593087055
-23.461928778564772
-18.041715203917917
-14.999999999999996
-14.999999999999996
-15.0
-18.565914180196984
-15.0
-35.356435159047905
-15.0
-15.987819591271814
-19.776447857864596
5.331069317306794
-6.134079180145431
-1.331055893251131
-39.88285567129153
-30.89758612157702
-15.000000000000004
-13.433256704988395
-19.372581053979335
-15.0
-24.752952069444586
-14.999999999999996
-26.17021240304183
-15.000000000000004
-29.181955311839566
-25.571975858564564
1.620187923402252
-29.409305394271357
-14.999999999999996
-1.8313287348508425
-20.477019323611113
-3.9022030204130402
-24.559266057884802
-15.0
1.420603305395698
29.316387566156557
-35.16427144822541
-19.52180163050585
-13.06891740148287
-6.992306054555456
-15.0
-8.603339316897028
1.406801681815395
-14.486038897607973
-3.679564022171043
-2.753731131568461
-25.375987685621176
-16.90197753059519
-24.768615570678055
-3.210416046002747
-30.118563084952036
-13.33844330177105
-13.958919364596362
-8.83430881148524
-11.733901099765818
-30.110514089347653
4.571075038043926
-1.7879028581004288
-16.093288222947095
-5.3041678199776765
-6.557976355629245
15.388126627196145
-28.274416296492294
-25.08229817946053
-144.97010313595928
-222.1091176069126
-607.0158245911392
-223.12285749704074
-0.7700320642720815
-123.35617212101914
-61.26495292284584
-320.51831820894114
-304.53146818126345
-96.64276911956068
-338.38950949641475
-212.8813137749158
-134.66394496041295
-273.5396606399626
-323.0023715159149
-17.843976432829503
-137.53874053226755
-242.17012006570056
-104.6990892515388
-349.0885673283955
-84.39310880120705
-157.14766087089015
-38.19359855530968
-37.280557623833424
-128.34919153232894
-223.07488595395282
-159.08437019542046
-223.81148004153337
-27.730905427267174
-227.45394003535012
-166.70146940422669
-17.626390328465924
-10.511340315028976
-14.999999999999996
-14.541514755796051
-12.661459435264423
-15.000000000000004
0.009578587283597173
1.663006961820578
-14.215473233509062
-28.565960086659054
-9.779904267438067
-18.32678582952902
-15.0
-10.430949188266256
35.26143515866937
1.02809501352756
-7.448194853480424
-15.0
-19.889557440691693
-15.000000000000004
-24.543714837254164
-16.68969209422178
-15.0
-17.77183220996112
-2.538735190057876
5.217329442956245
-6.1555414220791
-15.0
36.58947174128386
-35.081185780978856
-6.857520402402285
-15.0
-3.0022638736471965
-15.0
-27.269910276108348
-15.0
-16.82936132915715
-0.5573269004263786
-6.553155947998583
2.497166214716957
-8.591856477014593
34.57761445139754
-13.536769404246694
33.158888647283504
-7.91027196886872
-2.284769433632441
-18.69043733619379
-4.006201788009568
-15.0
-36.359318222498516
-13.417824099398723
-15.0
-0.9914174215476486
-3.356956964505688
-13.491458662096342
-23.984752546485623
-2.1728771282218506
1.873910502725053
-15.000000000000004
-24.36610359517413
-15.000000000000004
-0.40820667040923375
-7.420541475464326
38.137357625239055
-21.468392679958562
-20.06871179528778
-20.161755994380265
-15.0
0.3409578614880129
-20.00364727757669
-15.028199586515907
-15.0
-9.460496157107617
-15.000000000000004
34.40795684905159
-23.432866388593965
-14.999999999999996
-11.47317562565462
-16.124923980185127
-15.0
-1.1151285601253704
-18.790570216073753
-22.07651589873989
-15.0
-19.590232275565224
-6.403607316251245
-15.0
-18.976696548109068
-12.130816104032625
-25.194272722876708
-15.0
-24.461585393753623
-16.7942670123974
-14.999999999999996
-27.299719888729044
-17.508136613012127
-31.737734771563197
-15.0
-21.709989396844822
-15.261348943779943
-14.999999999999996
-28.90245980960269
-33.52885474390686
-15.0
-26.517306209208705
-20.69753828153237
-32.96844701075999
-15.0
-18.650284120491378
-15.0
-22.927206459611767
-29.998679146573657
-27.083232875491824
-14.643547426432514
-14.999999999999996
-26.077618476803185
-15.000000000000004
-26.46259898580997
-15.0
-25.007808341864177
-10.935062585123534
-15.0
-17.207508359219357
-15.0
1.1647082566333076
-15.000000000000004
-20.689518568763695
-15.000000000000004
-22.769453757361184
-15.0
-14.427805724125236
-15.0
-24.75989673388048
-15.000000000000004
-28.879945804433433
-18.553658758103325
-14.999999999999996
-17.731286384400114
-21.420719158558533
-15.0
-23.359935836251058
-15.0
-20.42620996356444
-12.763294549243202
-34.18434454122404
-23.624957888769096
-15.0
-15.20855041315477
-29.76462497283516
-15.38063390277792
-15.0
-26.334626385035655
-28.539684706644746
-15.0
-26.341580910178557
-20.290620018434648
-22.120886636838915
-15.000000000000004
-25.474035443780377
-15.0
-21.022408034822185
-15.0
-12.356859371477796
-32.96129125852549
-28.19098579398561
-15.0
-21.753265824592305
-28.53044748267712
-15.000000000000004
0.8481929271874673
-31.855695925376487
-15.0
-13.897703529298848
-8.150926025713668
-15.0
-1.2479639361503239
-20.05673888350231
-14.449643335628418
-15.0
-15.5486895391078
-29.102067898870587
-15.0
-15.0
-14.759848351638976
-15.000000000000004
-14.999999999999996
-19.127175830251495
-15.0
36.8796765444136
-16.352982078931664
-15.0
-22.292875476696445
-16.689938902998833
-15.0
-16.74947591425363
-15.0
-14.173957544868419
-15.0
-13.397615424503021
-15.0
-17.869623630723343
-24.855949603345437
-15.000000000000004
-14.999999999999996
-15.000000000000004
-13.527504045612702
-15.0
-15.000000000000004
-14.999999999999996
-14.999999999999996
-15.0
-14.999999999999996
-25.312912301187442
-18.461070862655525
-10.970811157383348
-8.004871277195997
-15.0
-25.304032646171297
-16.120243836189424
0.2508730952928442
-19.777036056550166
-32.508165329936496
-15.0
-17.432748446830345
-12.436073240543012
-15.000000000000004
-19.778623735920906
-15.0
-25.235897849230458
-15.0
3.8438731296513318
-15.672908267880569
-15.0
-23.580110158689397
-15.0
-17.167081991634376
-26.830004854363906
-15.0
-20.953731053100068
-15.0
-23.420920561261813
-15.0
-9.131213843835084
-15.0
-35.97982192483535
-14.999999999999996
-18.252123230059077
-15.0
-2.3361171966681233
-15.845345954393789
-15.0
-25.041425870517738
-22.529831523013065
-16.321523550488912
-31.296235992190226
-22.646886158076356
-14.999999999999996
-22.4409936422614
-15.0
-7.371108236466822
-15.000000000000004
-14.267357456038186
-15.0
-16.56345849630647
-15.0
-17.590612601099043
-19.948493663360477
-17.72661964107816
-27.015138250444686
-14.999999999999996
-22.32977603019325
-25.24829109998272
-18.205261861999624
-15.0
-6.253900949108182
-11.000892191717927
-27.038248614014226
-15.0
-6.799285299926391
-15.000000000000004
-21.876995606568173
-0.3885431231896348
-15.0
-15.739414158539997
-14.36951824171581
-15.0
-15.0
-25.29589817729433
0.42172675602801135
-15.0
-14.999999999999996
-23.926749270118236
-15.0
-3.4585280533741383
3.21568388022426
-15.0
-17.405053000108694
34.46851759087028
-9.642922034891836
-15.0
16.996563911076496
-18.706438233314458
-15.0
-18.578084787279057
-15.000000000000004
-12.288602914696053
-14.999999999999996
-8.54024117197266
-12.554998160111719
-10.76047302850748
-12.841227106633351
-15.0
-15.0
-14.565526134037157
-15.0
-8.3719695224702
-14.999999999999996
-10.728521922403294
-15.024145129726477
-15.0
35.13626646730856
2.841401438404711
-0.33480583487717297
-8.300001969319517
-15.0
-1.3751585658750525
-15.0
-16.88631788146975
-17.175900904362642
-11.36511013966614
-16.654654843312485
-15.0
-17.328599732189183
-15.0
-7.32087988785083
-13.644829131137278
-15.000000000000004
-15.000000000000004
-6.009572081493928
37.66982673078547
34.86649678659131
-1.205522760604513
-15.0
34.17587258457476
35.79553360765614
-18.814420605303233
-15.0
-15.0
-13.368679092925088
-8.366984616315534
-15.0
-6.180705065798444
-15.425730606930061
-15.0
-20.01915815538242
1.4911146757717084
-15.0
-5.282754675954902
29.983129821713128
1.4108997047201761
-1.1226206082302532
-15.0
38.11454404669378
-8.413721044589238
-23.01038260506458
-15.0
4.687299094233776
-15.000000000000004
-11.396812795565712
-5.273617322387539
-15.0
-2.3004513370695423
-18.92705229528562
33.72059100753249
-22.544833139028814
33.006962732505215
0.5775694012445687
-15.0
-2.6995284400754205
-16.021166663801985
-1.1839091025880002
-15.0
-11.26252294659341
33.98291268361153
35.08110157935555
-4.454390391540082
-6.344113551009368
2.492774355289246
-15.0
-15.0
-17.0136750209869
-19.40895406610109
-15.0
-4.208235635432281
-2.901950365404904
-9.759939697806491
-15.0
-17.95524068302783
-15.0
-6.253010414248385
-15.0
-26.259202537476934
-15.0
3.72155779647467
-15.0
-4.137437720658223
-15.0
-15.0
-15.0
-17.984231085949396
-15.0
37.63217958598359
-2.315517047860954
-2.9990451654877113
-0.7801348999960283
-24.340280293485694
-6.484079789787531
34.42908528161682
-11.128158038469518
-15.0
-17.38473183540669
-15.000000000000004
-15.443759503817827
-15.0
-17.650555751537244
-15.0
-9.882201966572639
-20.416038249664247
-15.0
-11.517613823991596
-27.490984301676512
-23.281012258027875
-15.0
-19.745076611065528
-11.980819349347557
-20.572238698898598
0.044286538894855454
-24.918736085327772
-31.280744536825587
-7.4721460881142425
-24.619812045006682
-7.714893240628793
-24.689277100397327
-20.49751750623626
-22.168250809704922
-27.589354922243025
-25.3992313330072
-31.41114129193927
-15.000000000000004
-20.920843382706202
-15.494456958851384
-4.036892882009081
-14.497397642751192
0.550820993513117
-15.699359842635868
-21.02561124500791
-29.958813454913994
-23.252176296834772
-17.084760579566193
-37.410775550851795
35.94128316735072
-34.50062222262142
-31.705585440296325
-18.148728632669275
-2.3504836173545414
-24.060529925973857
35.53928774667017
-19.109512073448947
-16.071194624659185
-14.946982675476423
-19.127089696651023
-15.743136251548126
-4.8502139782389335
-15.919378289478358
-29.549608664782205
-21.65872858901263
-23.969958166839838
37.50325692869067
-7.42254937840015
-19.016798250742507
-28.046602245530707
-16.56319174044526
-15.3432209452538
-16.967858538685306
-25.41170135731621
-20.51800251910538
-21.28032617274434
-26.58037786772853
-19.567658208513112
-7.248436022226204
-17.71271260948625
-1.194600910384878
-2.8085984919736156
-24.64554001157877
-10.963608691928819
-18.80578451637544
-29.52049300221642
-17.63377449516231
-22.12538706390324
-17.76888545607226
-25.191108676361814
-24.272438560735257
-15.905250614715829
-20.06653494518462
-12.161220397874246
-8.026102472495094
-12.873247069074388
-0.20523998605521498
-15.042977118126526
-11.077735494326474
1.1399207665010387
-15.597687807877767
-19.274282781531017
-7.614140861745447
38.18772090639144
-4.758935567541737
-17.319912952491332
-21.124189198050694
-22.963548733211972
5.784431874268977
-18.75771254201196
-15.0
29.192099171852554
5.158302292918261
-6.179052306272402
-15.0
37.52894688264716
-4.462820491304763
3.5311561026131173
4.93835515300189
-5.149317105932482
-15.811101628990079
-18.319890848221835
-16.192803089565746
35.81540717757837
-19.14308929554337
-6.545746601719527
-15.652885598075947
-15.893107654202295
-22.907725562873033
-2.9059767173875084
-26.414600794455932
-15.060087458050422
-10.197191535713426
-13.155841691198683
-17.355760154957395
-21.61451872501052
37.54831810928769
-2.0758127592844673
-6.2596615335831896
-19.60717470265754
-11.677410041395433
35.71620697134384
3.564666479064739
-17.286932549674315
3.4383097009804473
-16.91795414270004
-15.0
2.0744544516891423
-10.22840393249301
-19.474352902162995
-17.252968510129545
33.344203845848924
-16.99664155263165
-9.461731664618647
-0.46849942288093693
34.274008530643044
-12.726457577433646
-5.577353924702756
-15.360498673414485
-15.000000000000004
-4.017644644008984
-13.924562705343817
-6.506392722708263
-13.228833161100598
-22.935772483646776
-7.1121591365695345
-24.524130772075146
1.423634382668844
3.5070017439303207
0.5885696871830088
-6.061468757329621
-16.653462551074682
0.1270706863235045
-16.99673426624129
-15.000000000000004
-0.9476365493776076
-16.56925482433028
-7.626601829885523
-16.53116592116845
35.31619863441706
4.874637466534754
34.76268173316391
-16.400590639759102
-10.426980834559357
36.93626491771136
-20.44297147767072
-23.960264613900357
-1.8548698038673876
0.779062305348365
-15.0
-22.03229425607615
-15.0
35.85609115116261
-18.863537504826557
-21.069377977776895
-4.9090809001831115
-16.244796673660403
-3.25257981381419
-19.003150143101813
26.27177579330955
35.0974326310136
32.684683396257604
-1.6626594331712958
-12.09838992116929
1.7837175313849123
-7.276845747758539
-8.011816937976505
-7.2640448513932565
-15.0
-10.94720568340777
-5.221439039156966
-6.112434473070261
-2.7868241942685383
-15.000000000000004
1.7799003021988966
-2.9625167693401
-14.999999999999996
-5.437638152223894
34.98517395102611
4.128287773836771
-15.0
4.352066048797456
-8.343989980050587
-2.265056367838101
-28.034256287580327
-11.426362483727557
-15.000000000000004
-7.520859790344977
-49.37879034036891
-15.0
2.5605908021829915
-24.72326599546701
-5.622448623699087
-11.93640496789904
-15.0
-15.221955907799485
-10.231679060866004
34.52926150978754
-17.166746632750773
-15.0
-35.16400981448949
-1.5960228124728975
-17.43485017834899
-13.24874201590761
-24.66301137138167
-15.117571390904514
-6.174183165991822
-18.732350905193044
-12.268039543598471
-12.85442174459899
-33.1283142656078
-15.0
4.235668985428946
-3.598667380967676
-11.025919000070775
-15.0
-15.0
-11.084886735988588
-15.0
-14.898178374648143
-4.089986115729937
-16.02305114941897
-17.691087474101725
-15.656368694536816
-19.74629176816282
-11.94822275118948
-19.67680057053365
-16.04537125696718
-6.709911402556477
-15.0
-16.84745771965718
-15.0
-24.074973496033152
-14.257628110697
-2.309665881934855
-21.587791289778593
-23.363833271485262
-15.000000000000004
-16.139536934507156
-19.655259587195623
-6.781880027346597
-21.70352985758592
-17.759309777246443
-23.281066629424707
-15.039350474663632
-9.441165597276006
-6.591343568860287
-33.47668907317705
-17.465822244199686
-15.789267236384408
-15.016921214240497
-15.000000000000004
-19.297455970745986
-6.586883300447312
-16.57173154119958
33.39539454005384
-20.06236589715106
-15.83016726312849
-18.446089959394765
-20.215832260594205
-37.138000593157756
10.798789558585334
-15.768841157907495
-24.586653471864015
-2.0128975833916165
-17.0582374811176
-15.081603910665638
-18.573052837856494
-14.324854599558652
-15.0
-23.79307439334239
-1.9165614060685776
-18.066555820236225
-10.84320192805956
-24.195624741669697
-15.000000000000004
-7.509592091565522
-14.951513405217433
-15.0
-30.33386478527274
-7.247997239461928
-4.871460184491799
-12.941367983568224
-15.579551141600902
-17.55990822321691
-2.5069020556850337
3.637853759102427
-15.0
-31.013799705469832
-209.18443870009057
-9.360089486981488
-13.789381089089668
-4.302100001229894
-5.990282812157034
-15.0
-14.689689174990509
-20.309671518766304
-15.0
-20.08917755867513
-18.658280673508177
-5.419355646938065
-15.0
35.226327114638885
2.074290555358459
-12.710765822786065
37.27796239813526
-7.822695999692128
-6.1077271216311395
-17.147498759010766
-7.711377430444255
-12.018484275205862
-7.752230185396401
-22.667087606522415
-14.225484505311146
-16.738127723676758
36.671015329653144
-10.671726294422127
-1.6972190049693836
-18.795919243126377
-10.738350759380406
-10.203205050151372
-16.602400608915108
-18.506539597976598
-5.8623974817685305
-15.25076653200474
-5.628091493239689
-11.452330985757282
-1.675910817000469
-10.963562302328317
-4.373823737940221
-18.76070952141232
-20.575860736187575
-17.571023879895996
-17.593383864932143
-0.1771488645249768
-4.931990937858272
-17.06918396589007
-7.972906301899515
-16.751629660879686
-13.83822434918437
7.080030155973102
-15.0
2.147475348787907
-19.456244586191296
-4.018017524770292
-10.20864301446054
-15.443816158507328
-12.459051865157958
-15.491427674659004
-6.244739464326225
-13.416306534044882
-14.999999999999996
-14.931701573143368
-16.448850953559727
-3.6298749474538923
-10.27830595783305
-15.301283626433637
3.21987339213205
-14.41067830852985
12.480015463266913
-18.002346435757907
-9.504103528249436
-17.87471534776863
-19.954314668046088
-16.662186987005082
-11.972974871943231
-5.532922427832068
-8.627580430193124
-8.080274354581999
-0.004150072336036814
-9.27172129889343
37.29231752360819
-13.253067124317056
-18.70500461861912
-16.775374490011533
-32.228222474700225
-11.387077509885728
-0.3941382485378728
5.506168062305768
9.578427869367692
-15.0
-13.870445910096366
-4.8656997061414184
-8.343216511987375
-18.230545593794254
-22.545297449297554
-18.57256200183877
-15.912763129173605
-11.597947904530034
-8.391883153121451
-2.7624144310045136
19.171382113813856
-12.913872289930179
10.839689804540559
-14.968143910948719
3.766547507363845
-20.985047940902376
3.06748210688792
-21.282492204866305
-10.62876903938485
-15.505065978059342
1.8969754572449915
-2.99275011824526
33.455315311666475
2.146485602351438
-15.579343872712506
-4.657203976657019
-23.7696167421855
6.039687868172944
-9.837897199113343
-1.3598029518539914
-12.659042671157504
-15.0
-14.515273102485345
3.1597072302987823
-11.557873950501715
-12.761529137380371
-15.0
-9.474381918352892
-9.990856137132386
-15.0
-10.57301737330625
2.2286134129684854
-20.71875213926626
-8.842477117379918
-2.2917299963922146
-7.311120296704292
-12.741636379426447
-16.664081210569293
-11.235911659544586
-15.16867460349053
-7.011552236576211
-15.0
-8.347753679589287
-16.133401860143383
-3.3596466516337387
-22.676690054474367
4.323187969577783
-33.89375902293579
-26.53680153290636
-0.014497277346320558
-9.851863943473504
-16.891911339536062
-8.873429176304573
-15.0
-1.4590933907757986
34.29843152320636
-2.494400770000343
-3.8063662627706814
-22.237439859958595
-8.039718310898682
-14.959299259790264
1.5361754956620466
-20.00222733636115
-14.768260654911934
-22.618944753324904
14.282560245433213
-16.239266288262883
-15.0
2.566223207385952
34.45901782757501
-18.356043437428646
15.286675098558513
-7.929605041314048
-6.489101186646115
-4.255726951373855
-4.339198570670128
34.845407069258684
4.659763119504339
-13.985575871624752
-21.48799307849234
33.86356363872105
35.01332904223795
-24.536322253420945
34.864014735760676
-29.590152578819527
37.48234087414062
10.116851639082972
-17.856631121433175
-7.8942930150624235
-15.119478212546436
1.4890875230702
8.504421607445707
-32.848381889318105
-6.3018230097278725
-26.209353802709593
-7.1144711643359075
-9.43220264878022
-25.000024738007443
-16.788577628763495
-10.572220671094671
4.599545492679189
-28.017257416259934
-8.074750122964957
-13.212763344361154
-12.492937257896877
-10.249880082929279
-0.3590194362056405
9.54699073052667
8.686338647410118
16.455450447940816
-7.085816557353359
-8.685174965175078
-21.10606682852662
-16.633477480493887
-10.60800735706367
-16.60928549008905
-4.408076170423259
-1.1072008258352537
-14.614183465919414
-23.69488924597818
-6.54176033684608
2.563570380737419
-12.223783937693417
-14.285104456748504
-7.453281070529757
8.028104222207917
-9.625006256029238
9.317408373172158
-13.472475512236826
-4.634780511179228
-15.12284748311471
-13.314463017744686
-5.909588287951593
-12.937565127075512
3.554680816292796
7.499894289457458
10.339110861301815
-6.8614509598255555
-3.726006409548738
-9.864419554164714
-0.5271928248172273
-17.280087143943433
-4.113359445238512
12.212188407775118
-6.688856150746236
-16.70670634097738
-0.9638078204673572
-4.148535832223313
-9.75011022111028
-11.420191122979425
-6.603825400168809
-0.9798805165056645
-18.82837007174931
-13.140453378352468
-14.972325531364108
-17.966351542433713
-14.633608042686259
-1.3811785906198386
-5.984385515350578
-24.545879303693688
-4.819638523536719
-15.0
11.184976068781385
-12.156928768634328
-29.838772868553605
7.745563673554112
-17.456599872326805
8.265554005329685
-9.778550824103103
-22.08079283294922
-19.765983479007883
-9.88508169139546
-12.948732746655335
-6.184360115554661
-15.30189667863467
-18.02113358081062
12.455273299524263
2.2684403450326798
-14.263505912026252
-0.6789748101322726
-15.000000000000004
-3.441868067358504
12.338830583528878
-5.373394287244452
7.404115162345011
-16.20675232945632
-27.817951627900484
1.8116706938906066
0.3779065896223841
-8.655998079116998
-2.5507226721798553
-20.54718635919424
-15.014975479495476
-4.354936077844329
-17.247189630892
20.80805287190066
-20.67630311119505
7.897127823179426
13.463026577332071
-18.10700716234873
23.484691207860642
-9.25735418927917
-16.825874728263166
-16.01575363734278
-17.794472714500706
1.0657272347479019
-6.2638075984224635
-5.650095112892
0.929858550076613
-16.322480917365468
36.66511160931114
-9.127066761854339
3.2829211106527882
16.985230050140714
-8.803863170635964
-15.6555920835249
-6.710049819701105
-13.784940861761186
-16.42930457766203
-16.742521274334045
3.483794929957611
-10.52760794293405
5.866385002639312
-15.046078724850261
-14.82756325250676
-27.96276173079335
-9.071151227805366
6.034951090535384
-1.6699704468787253
-18.485158201348924
-1.7411019358135356
37.240691247314395
6.536106096695519
-11.740004034361924
-15.86141994212998
-16.496846699914368
-17.456657995468397
-19.83066394861872
-21.879440764353248
13.859659062671252
-28.898747480231528
11.034530853222087
-16.89054745154254
-11.687545339939835
-8.640675309974425
5.598445519947334
-11.751963838425207
-8.054144029282627
16.91714072975437
34.27596497480681
3.5214699951341224
-310.65628106774625
14.032206892593718
-15.000000000000004
1.6134492118884243
1.816324845021473
-18.890095457703517
-28.593455525686984
-24.2865268501915
0.9899189551310368
-17.557093801482953
-6.370543442686703
14.978459080255883
-31.21296236480007
-0.6424222429980482
-8.846675787429502
37.8067326940276
-19.2839861800522
36.25388229305966
-18.897426648262947
-10.227994901646543
-38.66531256301866
-2.949929454901511
-6.939486961469312
-2.5619226844627825
-7.4095439835152686
-7.335415133516973
4.137331715696277
-24.182480237369163
6.123140995763414
6.032445819333656
-2.6654039107252867
2.0183223088173925
-2.3695094861154224
-15.0
2.9101486333411053
-31.40129670742916
-2.5783741928364377
34.42918087476937
-21.524536270033405
-1.1937330239646382
27.18435068442668
9.6531345465213
1.715969670478561
